{
"contracts/RewardsDistributionRecipient.sol":{"l":{"9":283,"13":283},"path":"/Users/pelsasser/shapeshift/fox-staking-3/contracts/RewardsDistributionRecipient.sol","s":{"1":283},"b":{"1":[283,0]},"f":{"1":283},"fnMap":{"1":{"name":"onlyRewardsDistribution","line":8,"loc":{"start":{"line":8,"column":4},"end":{"line":14,"column":4}}}},"statementMap":{"1":{"start":{"line":9,"column":8},"end":{"line":9,"column":240}}},"branchMap":{"1":{"line":9,"type":"if","locations":[{"start":{"line":9,"column":8},"end":{"line":9,"column":8}},{"start":{"line":9,"column":8},"end":{"line":9,"column":8}}]}}},
"contracts/StakingRewards.sol":{"l":{"53":96,"54":96,"55":96,"62":0,"72":0,"77":310,"82":307,"83":292,"85":15,"97":12,"106":0,"119":1,"120":1,"121":1,"124":1,"134":1,"135":1,"145":3,"146":3,"147":3,"148":3,"149":3,"159":4,"160":4,"161":4,"162":4,"163":4,"168":4,"169":4,"170":4,"171":4,"172":4,"178":4,"179":4,"191":283,"192":283,"194":0,"195":0,"196":0,"203":283,"204":283,"209":283,"210":278,"211":268,"217":295,"218":295,"219":295,"220":12,"221":12,"223":295},"path":"/Users/pelsasser/shapeshift/fox-staking-3/contracts/StakingRewards.sol","s":{"1":96,"2":96,"3":96,"4":0,"5":0,"6":310,"7":307,"8":292,"9":15,"10":12,"11":0,"12":1,"13":1,"14":1,"15":1,"16":1,"17":1,"18":3,"19":3,"20":3,"21":3,"22":3,"23":4,"24":4,"25":4,"26":4,"27":4,"28":4,"29":4,"30":4,"31":4,"32":4,"33":4,"34":4,"35":283,"36":283,"37":0,"38":0,"39":0,"40":283,"41":283,"42":283,"43":278,"44":268,"45":295,"46":295,"47":295,"48":12,"49":12},"b":{"1":[292,15],"2":[1,0],"3":[3,0],"4":[4,0],"5":[4,0],"6":[283,0],"7":[283,0],"8":[12,283]},"f":{"1":96,"2":0,"3":0,"4":310,"5":307,"6":12,"7":0,"8":1,"9":3,"10":4,"11":4,"12":4,"13":283,"14":295},"fnMap":{"1":{"name":"constructor","line":48,"loc":{"start":{"line":48,"column":4},"end":{"line":56,"column":4}}},"2":{"name":"totalSupply","line":61,"loc":{"start":{"line":61,"column":4},"end":{"line":63,"column":4}}},"3":{"name":"balanceOf","line":66,"loc":{"start":{"line":66,"column":4},"end":{"line":73,"column":4}}},"4":{"name":"lastTimeRewardApplicable","line":76,"loc":{"start":{"line":76,"column":4},"end":{"line":78,"column":4}}},"5":{"name":"rewardPerToken","line":81,"loc":{"start":{"line":81,"column":4},"end":{"line":93,"column":4}}},"6":{"name":"earned","line":96,"loc":{"start":{"line":96,"column":4},"end":{"line":102,"column":4}}},"7":{"name":"getRewardForDuration","line":105,"loc":{"start":{"line":105,"column":4},"end":{"line":107,"column":4}}},"8":{"name":"stakeWithPermit","line":118,"loc":{"start":{"line":112,"column":4},"end":{"line":136,"column":4}}},"9":{"name":"stake","line":143,"loc":{"start":{"line":139,"column":4},"end":{"line":150,"column":4}}},"10":{"name":"withdraw","line":157,"loc":{"start":{"line":153,"column":4},"end":{"line":164,"column":4}}},"11":{"name":"getReward","line":167,"loc":{"start":{"line":167,"column":4},"end":{"line":174,"column":4}}},"12":{"name":"exit","line":177,"loc":{"start":{"line":177,"column":4},"end":{"line":180,"column":4}}},"13":{"name":"notifyRewardAmount","line":189,"loc":{"start":{"line":185,"column":4},"end":{"line":212,"column":4}}},"14":{"name":"updateReward","line":216,"loc":{"start":{"line":216,"column":4},"end":{"line":224,"column":4}}}},"statementMap":{"1":{"start":{"line":53,"column":8},"end":{"line":53,"column":43}},"2":{"start":{"line":54,"column":8},"end":{"line":54,"column":43}},"3":{"start":{"line":55,"column":8},"end":{"line":55,"column":49}},"4":{"start":{"line":62,"column":8},"end":{"line":62,"column":27}},"5":{"start":{"line":72,"column":8},"end":{"line":72,"column":33}},"6":{"start":{"line":77,"column":8},"end":{"line":77,"column":54}},"7":{"start":{"line":82,"column":8},"end":{"line":82,"column":2951}},"8":{"start":{"line":83,"column":12},"end":{"line":83,"column":39}},"9":{"start":{"line":85,"column":8},"end":{"line":85,"column":3040}},"10":{"start":{"line":97,"column":8},"end":{"line":97,"column":3484}},"11":{"start":{"line":106,"column":8},"end":{"line":106,"column":46}},"12":{"start":{"line":119,"column":8},"end":{"line":119,"column":44}},"13":{"start":{"line":120,"column":8},"end":{"line":120,"column":46}},"14":{"start":{"line":121,"column":8},"end":{"line":121,"column":64}},"15":{"start":{"line":124,"column":8},"end":{"line":124,"column":4354}},"16":{"start":{"line":134,"column":8},"end":{"line":134,"column":71}},"17":{"start":{"line":135,"column":8},"end":{"line":135,"column":39}},"18":{"start":{"line":145,"column":8},"end":{"line":145,"column":44}},"19":{"start":{"line":146,"column":8},"end":{"line":146,"column":46}},"20":{"start":{"line":147,"column":8},"end":{"line":147,"column":64}},"21":{"start":{"line":148,"column":8},"end":{"line":148,"column":71}},"22":{"start":{"line":149,"column":8},"end":{"line":149,"column":39}},"23":{"start":{"line":159,"column":8},"end":{"line":159,"column":47}},"24":{"start":{"line":160,"column":8},"end":{"line":160,"column":46}},"25":{"start":{"line":161,"column":8},"end":{"line":161,"column":64}},"26":{"start":{"line":162,"column":8},"end":{"line":162,"column":52}},"27":{"start":{"line":163,"column":8},"end":{"line":163,"column":42}},"28":{"start":{"line":168,"column":8},"end":{"line":168,"column":44}},"29":{"start":{"line":169,"column":8},"end":{"line":169,"column":5762}},"30":{"start":{"line":170,"column":12},"end":{"line":170,"column":34}},"31":{"start":{"line":171,"column":12},"end":{"line":171,"column":56}},"32":{"start":{"line":172,"column":12},"end":{"line":172,"column":47}},"33":{"start":{"line":178,"column":8},"end":{"line":178,"column":38}},"34":{"start":{"line":179,"column":8},"end":{"line":179,"column":18}},"35":{"start":{"line":191,"column":8},"end":{"line":191,"column":6403}},"36":{"start":{"line":192,"column":12},"end":{"line":192,"column":51}},"37":{"start":{"line":194,"column":12},"end":{"line":194,"column":65}},"38":{"start":{"line":195,"column":12},"end":{"line":195,"column":56}},"39":{"start":{"line":196,"column":12},"end":{"line":196,"column":65}},"40":{"start":{"line":203,"column":8},"end":{"line":203,"column":63}},"41":{"start":{"line":204,"column":8},"end":{"line":204,"column":7134}},"42":{"start":{"line":209,"column":8},"end":{"line":209,"column":39}},"43":{"start":{"line":210,"column":8},"end":{"line":210,"column":58}},"44":{"start":{"line":211,"column":8},"end":{"line":211,"column":32}},"45":{"start":{"line":217,"column":8},"end":{"line":217,"column":46}},"46":{"start":{"line":218,"column":8},"end":{"line":218,"column":50}},"47":{"start":{"line":219,"column":8},"end":{"line":219,"column":7592}},"48":{"start":{"line":220,"column":12},"end":{"line":220,"column":45}},"49":{"start":{"line":221,"column":12},"end":{"line":221,"column":65}}},"branchMap":{"1":{"line":82,"type":"if","locations":[{"start":{"line":82,"column":8},"end":{"line":82,"column":8}},{"start":{"line":82,"column":8},"end":{"line":82,"column":8}}]},"2":{"line":119,"type":"if","locations":[{"start":{"line":119,"column":8},"end":{"line":119,"column":8}},{"start":{"line":119,"column":8},"end":{"line":119,"column":8}}]},"3":{"line":145,"type":"if","locations":[{"start":{"line":145,"column":8},"end":{"line":145,"column":8}},{"start":{"line":145,"column":8},"end":{"line":145,"column":8}}]},"4":{"line":159,"type":"if","locations":[{"start":{"line":159,"column":8},"end":{"line":159,"column":8}},{"start":{"line":159,"column":8},"end":{"line":159,"column":8}}]},"5":{"line":169,"type":"if","locations":[{"start":{"line":169,"column":8},"end":{"line":169,"column":8}},{"start":{"line":169,"column":8},"end":{"line":169,"column":8}}]},"6":{"line":191,"type":"if","locations":[{"start":{"line":191,"column":8},"end":{"line":191,"column":8}},{"start":{"line":191,"column":8},"end":{"line":191,"column":8}}]},"7":{"line":204,"type":"if","locations":[{"start":{"line":204,"column":8},"end":{"line":204,"column":8}},{"start":{"line":204,"column":8},"end":{"line":204,"column":8}}]},"8":{"line":219,"type":"if","locations":[{"start":{"line":219,"column":8},"end":{"line":219,"column":8}},{"start":{"line":219,"column":8},"end":{"line":219,"column":8}}]}}},
"contracts/StakingRewardsFactory.sol":{"l":{"32":3,"37":3,"38":3,"49":85,"52":85,"57":84,"65":84,"66":84,"73":75,"77":74,"78":293,"85":293,"90":293,"93":293,"98":293,"99":281,"100":281,"102":281,"109":280},"path":"/Users/pelsasser/shapeshift/fox-staking-3/contracts/StakingRewardsFactory.sol","s":{"1":3,"2":3,"3":3,"4":85,"5":85,"6":84,"7":84,"8":84,"9":75,"10":74,"11":293,"12":293,"13":293,"14":293,"15":293,"16":281,"17":281,"18":281,"19":280},"b":{"1":[3,0],"2":[84,1],"3":[74,1],"4":[293,0],"5":[293,0],"6":[281,12],"7":[280,1]},"f":{"1":3,"2":85,"3":75,"4":293},"fnMap":{"1":{"name":"constructor","line":30,"loc":{"start":{"line":29,"column":4},"end":{"line":39,"column":4}}},"2":{"name":"deploy","line":47,"loc":{"start":{"line":45,"column":4},"end":{"line":67,"column":4}}},"3":{"name":"notifyRewardAmounts","line":72,"loc":{"start":{"line":72,"column":4},"end":{"line":80,"column":4}}},"4":{"name":"notifyRewardAmount","line":84,"loc":{"start":{"line":84,"column":4},"end":{"line":113,"column":4}}}},"statementMap":{"1":{"start":{"line":32,"column":8},"end":{"line":32,"column":1081}},"2":{"start":{"line":37,"column":8},"end":{"line":37,"column":35}},"3":{"start":{"line":38,"column":8},"end":{"line":38,"column":53}},"4":{"start":{"line":49,"column":8},"end":{"line":49,"column":1664}},"5":{"start":{"line":52,"column":8},"end":{"line":52,"column":1775}},"6":{"start":{"line":57,"column":8},"end":{"line":57,"column":1913}},"7":{"start":{"line":65,"column":8},"end":{"line":65,"column":39}},"8":{"start":{"line":66,"column":8},"end":{"line":66,"column":39}},"9":{"start":{"line":73,"column":8},"end":{"line":73,"column":2370}},"10":{"start":{"line":77,"column":8},"end":{"line":77,"column":2520}},"11":{"start":{"line":78,"column":12},"end":{"line":78,"column":47}},"12":{"start":{"line":85,"column":8},"end":{"line":85,"column":2878}},"13":{"start":{"line":90,"column":8},"end":{"line":90,"column":3029}},"14":{"start":{"line":93,"column":8},"end":{"line":93,"column":3140}},"15":{"start":{"line":98,"column":8},"end":{"line":98,"column":3286}},"16":{"start":{"line":99,"column":12},"end":{"line":99,"column":52}},"17":{"start":{"line":100,"column":12},"end":{"line":100,"column":32}},"18":{"start":{"line":102,"column":12},"end":{"line":102,"column":3421}},"19":{"start":{"line":109,"column":12},"end":{"line":109,"column":3674}}},"branchMap":{"1":{"line":32,"type":"if","locations":[{"start":{"line":32,"column":8},"end":{"line":32,"column":8}},{"start":{"line":32,"column":8},"end":{"line":32,"column":8}}]},"2":{"line":52,"type":"if","locations":[{"start":{"line":52,"column":8},"end":{"line":52,"column":8}},{"start":{"line":52,"column":8},"end":{"line":52,"column":8}}]},"3":{"line":73,"type":"if","locations":[{"start":{"line":73,"column":8},"end":{"line":73,"column":8}},{"start":{"line":73,"column":8},"end":{"line":73,"column":8}}]},"4":{"line":85,"type":"if","locations":[{"start":{"line":85,"column":8},"end":{"line":85,"column":8}},{"start":{"line":85,"column":8},"end":{"line":85,"column":8}}]},"5":{"line":93,"type":"if","locations":[{"start":{"line":93,"column":8},"end":{"line":93,"column":8}},{"start":{"line":93,"column":8},"end":{"line":93,"column":8}}]},"6":{"line":98,"type":"if","locations":[{"start":{"line":98,"column":8},"end":{"line":98,"column":8}},{"start":{"line":98,"column":8},"end":{"line":98,"column":8}}]},"7":{"line":102,"type":"if","locations":[{"start":{"line":102,"column":12},"end":{"line":102,"column":12}},{"start":{"line":102,"column":12},"end":{"line":102,"column":12}}]}}}}
