TN:
SF:/Users/pelsasser/shapeshift/fox-staking-3/contracts/RewardsDistributionRecipient.sol
FN:8,onlyRewardsDistribution
FNF:1
FNH:1
FNDA:283,onlyRewardsDistribution
DA:9,283
DA:13,283
LF:2
LH:2
BRDA:9,1,0,283
BRDA:9,1,1,0
BRF:2
BRH:1
end_of_record
TN:
SF:/Users/pelsasser/shapeshift/fox-staking-3/contracts/StakingRewards.sol
FN:48,constructor
FN:61,totalSupply
FN:66,balanceOf
FN:76,lastTimeRewardApplicable
FN:81,rewardPerToken
FN:96,earned
FN:105,getRewardForDuration
FN:118,stakeWithPermit
FN:143,stake
FN:157,withdraw
FN:167,getReward
FN:177,exit
FN:189,notifyRewardAmount
FN:216,updateReward
FNF:14
FNH:11
FNDA:96,constructor
FNDA:0,totalSupply
FNDA:0,balanceOf
FNDA:310,lastTimeRewardApplicable
FNDA:307,rewardPerToken
FNDA:12,earned
FNDA:0,getRewardForDuration
FNDA:1,stakeWithPermit
FNDA:3,stake
FNDA:4,withdraw
FNDA:4,getReward
FNDA:4,exit
FNDA:283,notifyRewardAmount
FNDA:295,updateReward
DA:53,96
DA:54,96
DA:55,96
DA:62,0
DA:72,0
DA:77,310
DA:82,307
DA:83,292
DA:85,15
DA:97,12
DA:106,0
DA:119,1
DA:120,1
DA:121,1
DA:124,1
DA:134,1
DA:135,1
DA:145,3
DA:146,3
DA:147,3
DA:148,3
DA:149,3
DA:159,4
DA:160,4
DA:161,4
DA:162,4
DA:163,4
DA:168,4
DA:169,4
DA:170,4
DA:171,4
DA:172,4
DA:178,4
DA:179,4
DA:191,283
DA:192,283
DA:194,0
DA:195,0
DA:196,0
DA:203,283
DA:204,283
DA:209,283
DA:210,278
DA:211,268
DA:217,295
DA:218,295
DA:219,295
DA:220,12
DA:221,12
DA:223,295
LF:50
LH:44
BRDA:82,1,0,292
BRDA:82,1,1,15
BRDA:119,2,0,1
BRDA:119,2,1,0
BRDA:145,3,0,3
BRDA:145,3,1,0
BRDA:159,4,0,4
BRDA:159,4,1,0
BRDA:169,5,0,4
BRDA:169,5,1,0
BRDA:191,6,0,283
BRDA:191,6,1,0
BRDA:204,7,0,283
BRDA:204,7,1,0
BRDA:219,8,0,12
BRDA:219,8,1,283
BRF:16
BRH:10
end_of_record
TN:
SF:/Users/pelsasser/shapeshift/fox-staking-3/contracts/StakingRewardsFactory.sol
FN:30,constructor
FN:47,deploy
FN:72,notifyRewardAmounts
FN:84,notifyRewardAmount
FNF:4
FNH:4
FNDA:3,constructor
FNDA:85,deploy
FNDA:75,notifyRewardAmounts
FNDA:293,notifyRewardAmount
DA:32,3
DA:37,3
DA:38,3
DA:49,85
DA:52,85
DA:57,84
DA:65,84
DA:66,84
DA:73,75
DA:77,74
DA:78,293
DA:85,293
DA:90,293
DA:93,293
DA:98,293
DA:99,281
DA:100,281
DA:102,281
DA:109,280
LF:19
LH:19
BRDA:32,1,0,3
BRDA:32,1,1,0
BRDA:52,2,0,84
BRDA:52,2,1,1
BRDA:73,3,0,74
BRDA:73,3,1,1
BRDA:85,4,0,293
BRDA:85,4,1,0
BRDA:93,5,0,293
BRDA:93,5,1,0
BRDA:98,6,0,281
BRDA:98,6,1,12
BRDA:102,7,0,280
BRDA:102,7,1,1
BRF:14
BRH:11
end_of_record
