TN:
SF:/home/doctor_mora_pol/dev/fox-staking-unified-history/contracts/RewardsDistributionRecipient.sol
FN:8,onlyRewardsDistribution
FNF:1
FNH:1
FNDA:289,onlyRewardsDistribution
DA:9,289
DA:10,289
LF:2
LH:2
BRDA:9,1,0,289
BRDA:9,1,1,0
BRF:2
BRH:1
end_of_record
TN:
SF:/home/doctor_mora_pol/dev/fox-staking-unified-history/contracts/StakingRewards.sol
FN:44,constructor
FN:57,totalSupply
FN:62,balanceOf
FN:67,lastTimeRewardApplicable
FN:72,rewardPerToken
FN:83,earned
FN:88,getRewardForDuration
FN:95,stakeWithPermit
FN:108,stake
FN:117,withdraw
FN:126,getReward
FN:136,exit
FN:144,notifyRewardAmount
FN:167,updateReward
FNF:14
FNH:11
FNDA:85,constructor
FNDA:0,totalSupply
FNDA:0,balanceOf
FNDA:606,lastTimeRewardApplicable
FNDA:595,rewardPerToken
FNDA:152,earned
FNDA:0,getRewardForDuration
FNDA:13,stakeWithPermit
FNDA:37,stake
FNDA:52,withdraw
FNDA:50,getReward
FNDA:52,exit
FNDA:289,notifyRewardAmount
FNDA:443,updateReward
DA:49,85
DA:50,85
DA:51,85
DA:58,0
DA:63,0
DA:68,606
DA:73,595
DA:74,430
DA:76,165
DA:84,152
DA:89,0
DA:96,13
DA:97,13
DA:98,13
DA:101,13
DA:103,13
DA:104,11
DA:109,37
DA:110,37
DA:111,37
DA:112,37
DA:113,33
DA:118,52
DA:119,52
DA:120,52
DA:121,52
DA:122,52
DA:127,50
DA:128,50
DA:129,50
DA:130,50
DA:131,47
DA:137,52
DA:138,52
DA:145,289
DA:146,289
DA:148,0
DA:149,0
DA:150,0
DA:157,289
DA:158,289
DA:160,289
DA:161,284
DA:162,274
DA:168,443
DA:169,441
DA:170,441
DA:171,152
DA:172,152
DA:174,441
LF:50
LH:44
BRDA:73,1,0,430
BRDA:73,1,1,165
BRDA:96,2,0,13
BRDA:96,2,1,0
BRDA:109,3,0,37
BRDA:109,3,1,0
BRDA:118,4,0,52
BRDA:118,4,1,0
BRDA:128,5,0,50
BRDA:128,5,1,0
BRDA:145,6,0,289
BRDA:145,6,1,0
BRDA:158,7,0,289
BRDA:158,7,1,0
BRDA:170,8,0,152
BRDA:170,8,1,289
BRF:16
BRH:10
end_of_record
TN:
SF:/home/doctor_mora_pol/dev/fox-staking-unified-history/contracts/StakingRewardsFactory.sol
FN:31,constructor
FN:42,deploy
FN:54,notifyRewardAmounts
FN:63,notifyRewardAmount
FNF:4
FNH:4
FNDA:1,constructor
FNDA:85,deploy
FNDA:75,notifyRewardAmounts
FNDA:293,notifyRewardAmount
DA:32,1
DA:34,1
DA:35,1
DA:43,85
DA:44,85
DA:46,84
DA:47,84
DA:48,84
DA:55,75
DA:56,74
DA:57,293
DA:64,293
DA:66,293
DA:67,293
DA:69,293
DA:70,281
DA:71,281
DA:73,281
DA:77,280
LF:19
LH:19
BRDA:32,1,0,1
BRDA:32,1,1,0
BRDA:44,2,0,84
BRDA:44,2,1,1
BRDA:55,3,0,74
BRDA:55,3,1,1
BRDA:64,4,0,293
BRDA:64,4,1,0
BRDA:67,5,0,293
BRDA:67,5,1,0
BRDA:69,6,0,281
BRDA:69,6,1,12
BRDA:73,7,0,280
BRDA:73,7,1,1
BRF:14
BRH:11
end_of_record
